C:\Program Files\Microsoft Visual Studio\2022\Community\MSBuild\Microsoft\VC\v170\Microsoft.CppBuild.targets(516,5): warning MSB8004: каталог Intermediate заканчивается не косой чертой.  Этот экземпляр сборки добавит косую черту, поскольку она необходима для правильного определения каталога Intermediate.
C:\Program Files\Microsoft Visual Studio\2022\Community\MSBuild\Microsoft\VC\v170\Microsoft.CppBuild.targets(517,5): warning MSB8004: каталог Output заканчивается не косой чертой.  Этот экземпляр сборки добавит косую черту, поскольку она необходима для правильного определения каталога Output.
  main.cpp
MSVCRT.lib(initializers.obj) : warning LNK4098: библиотека по умолчанию "libcmt.lib" конфликтует с использованием других библиотек; используйте /NODEFAULTLIB:library
  Создание кода
  Создание кода завершено
freetype.lib(ftinit.obj) : warning LNK4099: "" PDB не найден с "freetype.lib(ftinit.obj)" или на ""; компоновка объекта выполняется как при отсутствии отладочных данных
freetype.lib(ftbase.obj) : warning LNK4099: "" PDB не найден с "freetype.lib(ftbase.obj)" или на ""; компоновка объекта выполняется как при отсутствии отладочных данных
freetype.lib(ftsynth.obj) : warning LNK4099: "" PDB не найден с "freetype.lib(ftsynth.obj)" или на ""; компоновка объекта выполняется как при отсутствии отладочных данных
freetype.lib(autofit.obj) : warning LNK4099: "" PDB не найден с "freetype.lib(autofit.obj)" или на ""; компоновка объекта выполняется как при отсутствии отладочных данных
freetype.lib(truetype.obj) : warning LNK4099: "" PDB не найден с "freetype.lib(truetype.obj)" или на ""; компоновка объекта выполняется как при отсутствии отладочных данных
freetype.lib(type1.obj) : warning LNK4099: "" PDB не найден с "freetype.lib(type1.obj)" или на ""; компоновка объекта выполняется как при отсутствии отладочных данных
freetype.lib(cff.obj) : warning LNK4099: "" PDB не найден с "freetype.lib(cff.obj)" или на ""; компоновка объекта выполняется как при отсутствии отладочных данных
freetype.lib(type1cid.obj) : warning LNK4099: "" PDB не найден с "freetype.lib(type1cid.obj)" или на ""; компоновка объекта выполняется как при отсутствии отладочных данных
freetype.lib(pfr.obj) : warning LNK4099: "" PDB не найден с "freetype.lib(pfr.obj)" или на ""; компоновка объекта выполняется как при отсутствии отладочных данных
freetype.lib(type42.obj) : warning LNK4099: "" PDB не найден с "freetype.lib(type42.obj)" или на ""; компоновка объекта выполняется как при отсутствии отладочных данных
freetype.lib(winfnt.obj) : warning LNK4099: "" PDB не найден с "freetype.lib(winfnt.obj)" или на ""; компоновка объекта выполняется как при отсутствии отладочных данных
freetype.lib(pcf.obj) : warning LNK4099: "" PDB не найден с "freetype.lib(pcf.obj)" или на ""; компоновка объекта выполняется как при отсутствии отладочных данных
freetype.lib(bdf.obj) : warning LNK4099: "" PDB не найден с "freetype.lib(bdf.obj)" или на ""; компоновка объекта выполняется как при отсутствии отладочных данных
freetype.lib(psaux.obj) : warning LNK4099: "" PDB не найден с "freetype.lib(psaux.obj)" или на ""; компоновка объекта выполняется как при отсутствии отладочных данных
freetype.lib(psmodule.obj) : warning LNK4099: "" PDB не найден с "freetype.lib(psmodule.obj)" или на ""; компоновка объекта выполняется как при отсутствии отладочных данных
freetype.lib(pshinter.obj) : warning LNK4099: "" PDB не найден с "freetype.lib(pshinter.obj)" или на ""; компоновка объекта выполняется как при отсутствии отладочных данных
freetype.lib(sfnt.obj) : warning LNK4099: "" PDB не найден с "freetype.lib(sfnt.obj)" или на ""; компоновка объекта выполняется как при отсутствии отладочных данных
freetype.lib(smooth.obj) : warning LNK4099: "" PDB не найден с "freetype.lib(smooth.obj)" или на ""; компоновка объекта выполняется как при отсутствии отладочных данных
freetype.lib(raster.obj) : warning LNK4099: "" PDB не найден с "freetype.lib(raster.obj)" или на ""; компоновка объекта выполняется как при отсутствии отладочных данных
freetype.lib(sdf.obj) : warning LNK4099: "" PDB не найден с "freetype.lib(sdf.obj)" или на ""; компоновка объекта выполняется как при отсутствии отладочных данных
freetype.lib(svg.obj) : warning LNK4099: "" PDB не найден с "freetype.lib(svg.obj)" или на ""; компоновка объекта выполняется как при отсутствии отладочных данных
freetype.lib(ftsystem.obj) : warning LNK4099: "" PDB не найден с "freetype.lib(ftsystem.obj)" или на ""; компоновка объекта выполняется как при отсутствии отладочных данных
freetype.lib(ftbitmap.obj) : warning LNK4099: "" PDB не найден с "freetype.lib(ftbitmap.obj)" или на ""; компоновка объекта выполняется как при отсутствии отладочных данных
freetype.lib(ftgzip.obj) : warning LNK4099: "" PDB не найден с "freetype.lib(ftgzip.obj)" или на ""; компоновка объекта выполняется как при отсутствии отладочных данных
freetype.lib(ftlzw.obj) : warning LNK4099: "" PDB не найден с "freetype.lib(ftlzw.obj)" или на ""; компоновка объекта выполняется как при отсутствии отладочных данных
freetype.lib(ftdebug.obj) : warning LNK4099: "" PDB не найден с "freetype.lib(ftdebug.obj)" или на ""; компоновка объекта выполняется как при отсутствии отладочных данных
  minhook.vcxproj -> D:\sources\sources\sigmapaster\Ct\sapphire.wtf.dll
